<?xml version="1.0" encoding="UTF-8"?>
<testng-results ignored="0" total="1" passed="1" failed="0" skipped="0">
  <reporter-output>
  </reporter-output>
  <suite started-at="2022-10-19T23:40:10Z" name="Default suite" finished-at="2022-10-19T23:40:18Z" duration-ms="8451">
    <groups>
    </groups>
    <test started-at="2022-10-19T23:40:10Z" name="Default test" finished-at="2022-10-19T23:40:18Z" duration-ms="8451">
      <class name="pages.HomePageTest">
        <test-method is-config="true" signature="setUpDriver()[pri:0, instance:pages.HomePageTest@1fb669c3]" started-at="2022-10-19T23:40:10Z" name="setUpDriver" finished-at="2022-10-19T23:40:18Z" duration-ms="8230" status="PASS">
          <reporter-output>
          </reporter-output>
        </test-method> <!-- setUpDriver -->
        <test-method signature="testing()[pri:0, instance:pages.HomePageTest@1fb669c3]" started-at="2022-10-19T23:40:18Z" name="testing" finished-at="2022-10-19T23:40:18Z" duration-ms="6" status="PASS">
          <reporter-output>
          </reporter-output>
        </test-method> <!-- testing -->
        <test-method is-config="true" signature="closingDriverSession()[pri:0, instance:pages.HomePageTest@1fb669c3]" started-at="2022-10-19T23:40:18Z" name="closingDriverSession" finished-at="2022-10-19T23:40:18Z" duration-ms="194" status="PASS">
          <reporter-output>
          </reporter-output>
        </test-method> <!-- closingDriverSession -->
      </class> <!-- pages.HomePageTest -->
    </test> <!-- Default test -->
  </suite> <!-- Default suite -->
</testng-results>
